<?xml version="1.0" encoding="UTF-8"?>
<!-- Generated by org.testng.reporters.JUnitReportReporter -->
<testsuite hostname="DESKTOP-KMS0Q9O" failures="0" tests="2" name="cucumberOptions.TestNgTestRunner" time="39.466" errors="0" timestamp="2022-03-06T13:49:29 IST" skipped="0">
  <testcase classname="cucumberOptions.TestNgTestRunner" name="runScenario" time="19.738"/>
  <system-out/>
  <testcase classname="cucumberOptions.TestNgTestRunner" name="runScenario" time="19.728"/>
  <system-out/>
</testsuite> <!-- cucumberOptions.TestNgTestRunner -->
